  [1m[35m (0.1ms)[0m  [1m[35mDROP DATABASE IF EXISTS "insta2_development"[0m
  â†³ bin/rails:9
  [1m[35m (0.2ms)[0m  [1m[35mDROP DATABASE IF EXISTS "insta2_test"[0m
  â†³ bin/rails:9
  [1m[35m (157.8ms)[0m  [1m[35mCREATE DATABASE "insta2_development" ENCODING = 'unicode'[0m
  â†³ bin/rails:9
  [1m[35m (73.6ms)[0m  [1m[35mCREATE DATABASE "insta2_test" ENCODING = 'unicode'[0m
  â†³ bin/rails:9
  [1m[35m (6.6ms)[0m  [1m[35mCREATE TABLE "schema_migrations" ("version" character varying NOT NULL PRIMARY KEY)[0m
  â†³ bin/rails:9
  [1m[35m (4.7ms)[0m  [1m[35mCREATE TABLE "ar_internal_metadata" ("key" character varying NOT NULL PRIMARY KEY, "value" character varying, "created_at" timestamp NOT NULL, "updated_at" timestamp NOT NULL)[0m
  â†³ bin/rails:9
  [1m[35m (0.3ms)[0m  [1m[34mSELECT pg_try_advisory_lock(5644297821057725340)[0m
  â†³ bin/rails:9
  [1m[35m (1.2ms)[0m  [1m[34mSELECT "schema_migrations"."version" FROM "schema_migrations" ORDER BY "schema_migrations"."version" ASC[0m
  â†³ bin/rails:9
Migrating to CreatePosts (20210406124402)
  [1m[35m (72.1ms)[0m  [1m[35mBEGIN[0m
  â†³ bin/rails:9
  [1m[35m (8.6ms)[0m  [1m[35mCREATE TABLE "posts" ("id" bigserial primary key, "content" text, "image" character varying, "created_at" timestamp NOT NULL, "updated_at" timestamp NOT NULL)[0m
  â†³ db/migrate/20210406124402_create_posts.rb:3
  [1m[36mActiveRecord::SchemaMigration Create (0.8ms)[0m  [1m[32mINSERT INTO "schema_migrations" ("version") VALUES ($1) RETURNING "version"[0m  [["version", "20210406124402"]]
  â†³ bin/rails:9
  [1m[35m (0.9ms)[0m  [1m[35mCOMMIT[0m
  â†³ bin/rails:9
  [1m[36mActiveRecord::InternalMetadata Load (0.3ms)[0m  [1m[34mSELECT  "ar_internal_metadata".* FROM "ar_internal_metadata" WHERE "ar_internal_metadata"."key" = $1 LIMIT $2[0m  [["key", "environment"], ["LIMIT", 1]]
  â†³ bin/rails:9
  [1m[35m (0.3ms)[0m  [1m[35mBEGIN[0m
  â†³ bin/rails:9
  [1m[36mActiveRecord::InternalMetadata Create (0.5ms)[0m  [1m[32mINSERT INTO "ar_internal_metadata" ("key", "value", "created_at", "updated_at") VALUES ($1, $2, $3, $4) RETURNING "key"[0m  [["key", "environment"], ["value", "development"], ["created_at", "2021-04-06 15:49:15.442370"], ["updated_at", "2021-04-06 15:49:15.442370"]]
  â†³ bin/rails:9
  [1m[35m (0.4ms)[0m  [1m[35mCOMMIT[0m
  â†³ bin/rails:9
  [1m[35m (0.2ms)[0m  [1m[34mSELECT pg_advisory_unlock(5644297821057725340)[0m
  â†³ bin/rails:9
  [1m[35m (0.3ms)[0m  [1m[34mSELECT "schema_migrations"."version" FROM "schema_migrations" ORDER BY "schema_migrations"."version" ASC[0m
  â†³ bin/rails:9
  [1m[35m (1.1ms)[0m  [1m[35mCREATE DATABASE "insta2_development" ENCODING = 'unicode'[0m
  â†³ bin/rails:9
  [1m[35m (0.5ms)[0m  [1m[35mCREATE DATABASE "insta2_test" ENCODING = 'unicode'[0m
  â†³ bin/rails:9
Started GET "/" for ::1 at 2021-04-07 01:04:04 +0900
  [1m[35m (0.5ms)[0m  [1m[34mSELECT "schema_migrations"."version" FROM "schema_migrations" ORDER BY "schema_migrations"."version" ASC[0m
  â†³ /Users/karen/.rbenv/versions/2.6.5/lib/ruby/gems/2.6.0/gems/activerecord-5.2.5/lib/active_record/log_subscriber.rb:98
Processing by Rails::WelcomeController#index as HTML
  Rendering /Users/karen/.rbenv/versions/2.6.5/lib/ruby/gems/2.6.0/gems/railties-5.2.5/lib/rails/templates/rails/welcome/index.html.erb
  Rendered /Users/karen/.rbenv/versions/2.6.5/lib/ruby/gems/2.6.0/gems/railties-5.2.5/lib/rails/templates/rails/welcome/index.html.erb (3.3ms)
Completed 200 OK in 14ms (Views: 9.5ms | ActiveRecord: 0.0ms)


Started GET "/" for ::1 at 2021-04-07 21:45:15 +0900
  [1m[35m (1.3ms)[0m  [1m[34mSELECT "schema_migrations"."version" FROM "schema_migrations" ORDER BY "schema_migrations"."version" ASC[0m
  â†³ /Users/karen/.rbenv/versions/2.6.5/lib/ruby/gems/2.6.0/gems/activerecord-5.2.5/lib/active_record/log_subscriber.rb:98
Processing by Rails::WelcomeController#index as HTML
  Rendering /Users/karen/.rbenv/versions/2.6.5/lib/ruby/gems/2.6.0/gems/railties-5.2.5/lib/rails/templates/rails/welcome/index.html.erb
  Rendered /Users/karen/.rbenv/versions/2.6.5/lib/ruby/gems/2.6.0/gems/railties-5.2.5/lib/rails/templates/rails/welcome/index.html.erb (2.4ms)
Completed 200 OK in 10ms (Views: 5.1ms | ActiveRecord: 0.0ms)


Started GET "/" for ::1 at 2021-04-07 21:46:18 +0900
  
ActionController::RoutingError (uninitialized constant PostController):
  
activesupport (5.2.5) lib/active_support/inflector/methods.rb:283:in `const_get'
activesupport (5.2.5) lib/active_support/inflector/methods.rb:283:in `block in constantize'
activesupport (5.2.5) lib/active_support/inflector/methods.rb:281:in `each'
activesupport (5.2.5) lib/active_support/inflector/methods.rb:281:in `inject'
activesupport (5.2.5) lib/active_support/inflector/methods.rb:281:in `constantize'
actionpack (5.2.5) lib/action_dispatch/http/request.rb:88:in `controller_class_for'
actionpack (5.2.5) lib/action_dispatch/http/request.rb:81:in `controller_class'
actionpack (5.2.5) lib/action_dispatch/routing/route_set.rb:46:in `controller'
actionpack (5.2.5) lib/action_dispatch/routing/route_set.rb:32:in `serve'
actionpack (5.2.5) lib/action_dispatch/journey/router.rb:52:in `block in serve'
actionpack (5.2.5) lib/action_dispatch/journey/router.rb:35:in `each'
actionpack (5.2.5) lib/action_dispatch/journey/router.rb:35:in `serve'
actionpack (5.2.5) lib/action_dispatch/routing/route_set.rb:840:in `call'
rack (2.2.3) lib/rack/tempfile_reaper.rb:15:in `call'
rack (2.2.3) lib/rack/etag.rb:27:in `call'
rack (2.2.3) lib/rack/conditional_get.rb:27:in `call'
rack (2.2.3) lib/rack/head.rb:12:in `call'
actionpack (5.2.5) lib/action_dispatch/http/content_security_policy.rb:18:in `call'
rack (2.2.3) lib/rack/session/abstract/id.rb:266:in `context'
rack (2.2.3) lib/rack/session/abstract/id.rb:260:in `call'
actionpack (5.2.5) lib/action_dispatch/middleware/cookies.rb:670:in `call'
activerecord (5.2.5) lib/active_record/migration.rb:559:in `call'
actionpack (5.2.5) lib/action_dispatch/middleware/callbacks.rb:28:in `block in call'
activesupport (5.2.5) lib/active_support/callbacks.rb:98:in `run_callbacks'
actionpack (5.2.5) lib/action_dispatch/middleware/callbacks.rb:26:in `call'
actionpack (5.2.5) lib/action_dispatch/middleware/executor.rb:14:in `call'
actionpack (5.2.5) lib/action_dispatch/middleware/debug_exceptions.rb:61:in `call'
web-console (3.7.0) lib/web_console/middleware.rb:135:in `call_app'
web-console (3.7.0) lib/web_console/middleware.rb:30:in `block in call'
web-console (3.7.0) lib/web_console/middleware.rb:20:in `catch'
web-console (3.7.0) lib/web_console/middleware.rb:20:in `call'
actionpack (5.2.5) lib/action_dispatch/middleware/show_exceptions.rb:33:in `call'
railties (5.2.5) lib/rails/rack/logger.rb:38:in `call_app'
railties (5.2.5) lib/rails/rack/logger.rb:26:in `block in call'
activesupport (5.2.5) lib/active_support/tagged_logging.rb:71:in `block in tagged'
activesupport (5.2.5) lib/active_support/tagged_logging.rb:28:in `tagged'
activesupport (5.2.5) lib/active_support/tagged_logging.rb:71:in `tagged'
railties (5.2.5) lib/rails/rack/logger.rb:26:in `call'
sprockets-rails (3.2.2) lib/sprockets/rails/quiet_assets.rb:13:in `call'
actionpack (5.2.5) lib/action_dispatch/middleware/remote_ip.rb:81:in `call'
actionpack (5.2.5) lib/action_dispatch/middleware/request_id.rb:27:in `call'
rack (2.2.3) lib/rack/method_override.rb:24:in `call'
rack (2.2.3) lib/rack/runtime.rb:22:in `call'
activesupport (5.2.5) lib/active_support/cache/strategy/local_cache_middleware.rb:29:in `call'
actionpack (5.2.5) lib/action_dispatch/middleware/executor.rb:14:in `call'
actionpack (5.2.5) lib/action_dispatch/middleware/static.rb:127:in `call'
rack (2.2.3) lib/rack/sendfile.rb:110:in `call'
railties (5.2.5) lib/rails/engine.rb:524:in `call'
puma (3.12.6) lib/puma/configuration.rb:227:in `call'
puma (3.12.6) lib/puma/server.rb:706:in `handle_request'
puma (3.12.6) lib/puma/server.rb:476:in `process_client'
puma (3.12.6) lib/puma/server.rb:334:in `block in run'
puma (3.12.6) lib/puma/thread_pool.rb:135:in `block in spawn_thread'
Started GET "/" for ::1 at 2021-04-07 21:46:26 +0900
Processing by PostsController#index as HTML
  Rendering posts/index.html.erb within layouts/application
  Rendered posts/index.html.erb within layouts/application (0.3ms)
Completed 200 OK in 617ms (Views: 615.2ms | ActiveRecord: 0.0ms)


Started GET "/" for ::1 at 2021-04-07 22:01:20 +0900
  [1m[35m (0.6ms)[0m  [1m[34mSELECT "schema_migrations"."version" FROM "schema_migrations" ORDER BY "schema_migrations"."version" ASC[0m
  â†³ /Users/karen/.rbenv/versions/2.6.5/lib/ruby/gems/2.6.0/gems/activerecord-5.2.5/lib/active_record/log_subscriber.rb:98
Processing by PostsController#index as HTML
  Rendering posts/index.html.erb within layouts/application
  Rendered posts/index.html.erb within layouts/application (1.3ms)
Completed 200 OK in 221ms (Views: 213.5ms | ActiveRecord: 0.0ms)


Started GET "/new" for ::1 at 2021-04-07 22:01:24 +0900
  
ActionController::RoutingError (No route matches [GET] "/new"):
  
actionpack (5.2.5) lib/action_dispatch/middleware/debug_exceptions.rb:65:in `call'
web-console (3.7.0) lib/web_console/middleware.rb:135:in `call_app'
web-console (3.7.0) lib/web_console/middleware.rb:30:in `block in call'
web-console (3.7.0) lib/web_console/middleware.rb:20:in `catch'
web-console (3.7.0) lib/web_console/middleware.rb:20:in `call'
actionpack (5.2.5) lib/action_dispatch/middleware/show_exceptions.rb:33:in `call'
railties (5.2.5) lib/rails/rack/logger.rb:38:in `call_app'
railties (5.2.5) lib/rails/rack/logger.rb:26:in `block in call'
activesupport (5.2.5) lib/active_support/tagged_logging.rb:71:in `block in tagged'
activesupport (5.2.5) lib/active_support/tagged_logging.rb:28:in `tagged'
activesupport (5.2.5) lib/active_support/tagged_logging.rb:71:in `tagged'
railties (5.2.5) lib/rails/rack/logger.rb:26:in `call'
sprockets-rails (3.2.2) lib/sprockets/rails/quiet_assets.rb:13:in `call'
actionpack (5.2.5) lib/action_dispatch/middleware/remote_ip.rb:81:in `call'
actionpack (5.2.5) lib/action_dispatch/middleware/request_id.rb:27:in `call'
rack (2.2.3) lib/rack/method_override.rb:24:in `call'
rack (2.2.3) lib/rack/runtime.rb:22:in `call'
activesupport (5.2.5) lib/active_support/cache/strategy/local_cache_middleware.rb:29:in `call'
actionpack (5.2.5) lib/action_dispatch/middleware/executor.rb:14:in `call'
actionpack (5.2.5) lib/action_dispatch/middleware/static.rb:127:in `call'
rack (2.2.3) lib/rack/sendfile.rb:110:in `call'
railties (5.2.5) lib/rails/engine.rb:524:in `call'
puma (3.12.6) lib/puma/configuration.rb:227:in `call'
puma (3.12.6) lib/puma/server.rb:706:in `handle_request'
puma (3.12.6) lib/puma/server.rb:476:in `process_client'
puma (3.12.6) lib/puma/server.rb:334:in `block in run'
puma (3.12.6) lib/puma/thread_pool.rb:135:in `block in spawn_thread'
Started GET "/blogs/new" for ::1 at 2021-04-07 22:01:32 +0900
  
ActionController::RoutingError (No route matches [GET] "/blogs/new"):
  
actionpack (5.2.5) lib/action_dispatch/middleware/debug_exceptions.rb:65:in `call'
web-console (3.7.0) lib/web_console/middleware.rb:135:in `call_app'
web-console (3.7.0) lib/web_console/middleware.rb:30:in `block in call'
web-console (3.7.0) lib/web_console/middleware.rb:20:in `catch'
web-console (3.7.0) lib/web_console/middleware.rb:20:in `call'
actionpack (5.2.5) lib/action_dispatch/middleware/show_exceptions.rb:33:in `call'
railties (5.2.5) lib/rails/rack/logger.rb:38:in `call_app'
railties (5.2.5) lib/rails/rack/logger.rb:26:in `block in call'
activesupport (5.2.5) lib/active_support/tagged_logging.rb:71:in `block in tagged'
activesupport (5.2.5) lib/active_support/tagged_logging.rb:28:in `tagged'
activesupport (5.2.5) lib/active_support/tagged_logging.rb:71:in `tagged'
railties (5.2.5) lib/rails/rack/logger.rb:26:in `call'
sprockets-rails (3.2.2) lib/sprockets/rails/quiet_assets.rb:13:in `call'
actionpack (5.2.5) lib/action_dispatch/middleware/remote_ip.rb:81:in `call'
actionpack (5.2.5) lib/action_dispatch/middleware/request_id.rb:27:in `call'
rack (2.2.3) lib/rack/method_override.rb:24:in `call'
rack (2.2.3) lib/rack/runtime.rb:22:in `call'
activesupport (5.2.5) lib/active_support/cache/strategy/local_cache_middleware.rb:29:in `call'
actionpack (5.2.5) lib/action_dispatch/middleware/executor.rb:14:in `call'
actionpack (5.2.5) lib/action_dispatch/middleware/static.rb:127:in `call'
rack (2.2.3) lib/rack/sendfile.rb:110:in `call'
railties (5.2.5) lib/rails/engine.rb:524:in `call'
puma (3.12.6) lib/puma/configuration.rb:227:in `call'
puma (3.12.6) lib/puma/server.rb:706:in `handle_request'
puma (3.12.6) lib/puma/server.rb:476:in `process_client'
puma (3.12.6) lib/puma/server.rb:334:in `block in run'
puma (3.12.6) lib/puma/thread_pool.rb:135:in `block in spawn_thread'
Started GET "/blogs/new" for ::1 at 2021-04-07 22:02:03 +0900
  
ActionController::RoutingError (No route matches [GET] "/blogs/new"):
  
actionpack (5.2.5) lib/action_dispatch/middleware/debug_exceptions.rb:65:in `call'
web-console (3.7.0) lib/web_console/middleware.rb:135:in `call_app'
web-console (3.7.0) lib/web_console/middleware.rb:30:in `block in call'
web-console (3.7.0) lib/web_console/middleware.rb:20:in `catch'
web-console (3.7.0) lib/web_console/middleware.rb:20:in `call'
actionpack (5.2.5) lib/action_dispatch/middleware/show_exceptions.rb:33:in `call'
railties (5.2.5) lib/rails/rack/logger.rb:38:in `call_app'
railties (5.2.5) lib/rails/rack/logger.rb:26:in `block in call'
activesupport (5.2.5) lib/active_support/tagged_logging.rb:71:in `block in tagged'
activesupport (5.2.5) lib/active_support/tagged_logging.rb:28:in `tagged'
activesupport (5.2.5) lib/active_support/tagged_logging.rb:71:in `tagged'
railties (5.2.5) lib/rails/rack/logger.rb:26:in `call'
sprockets-rails (3.2.2) lib/sprockets/rails/quiet_assets.rb:13:in `call'
actionpack (5.2.5) lib/action_dispatch/middleware/remote_ip.rb:81:in `call'
actionpack (5.2.5) lib/action_dispatch/middleware/request_id.rb:27:in `call'
rack (2.2.3) lib/rack/method_override.rb:24:in `call'
rack (2.2.3) lib/rack/runtime.rb:22:in `call'
activesupport (5.2.5) lib/active_support/cache/strategy/local_cache_middleware.rb:29:in `call'
actionpack (5.2.5) lib/action_dispatch/middleware/executor.rb:14:in `call'
actionpack (5.2.5) lib/action_dispatch/middleware/static.rb:127:in `call'
rack (2.2.3) lib/rack/sendfile.rb:110:in `call'
railties (5.2.5) lib/rails/engine.rb:524:in `call'
puma (3.12.6) lib/puma/configuration.rb:227:in `call'
puma (3.12.6) lib/puma/server.rb:706:in `handle_request'
puma (3.12.6) lib/puma/server.rb:476:in `process_client'
puma (3.12.6) lib/puma/server.rb:334:in `block in run'
puma (3.12.6) lib/puma/thread_pool.rb:135:in `block in spawn_thread'
Started GET "/posts/new" for ::1 at 2021-04-07 22:05:09 +0900
  [1m[35m (1.0ms)[0m  [1m[34mSELECT "schema_migrations"."version" FROM "schema_migrations" ORDER BY "schema_migrations"."version" ASC[0m
  â†³ /Users/karen/.rbenv/versions/2.6.5/lib/ruby/gems/2.6.0/gems/activerecord-5.2.5/lib/active_record/log_subscriber.rb:98
Processing by PostsController#new as HTML
  Rendering posts/new.html.erb within layouts/application
  Rendered posts/new.html.erb within layouts/application (22.0ms)
Completed 200 OK in 237ms (Views: 222.4ms | ActiveRecord: 5.2ms)


Started POST "/posts" for ::1 at 2021-04-07 22:05:17 +0900
  
AbstractController::ActionNotFound (The action 'create' could not be found for PostsController):
  
actionpack (5.2.5) lib/abstract_controller/base.rb:129:in `process'
actionview (5.2.5) lib/action_view/rendering.rb:32:in `process'
actionpack (5.2.5) lib/action_controller/metal.rb:191:in `dispatch'
actionpack (5.2.5) lib/action_controller/metal.rb:252:in `dispatch'
actionpack (5.2.5) lib/action_dispatch/routing/route_set.rb:52:in `dispatch'
actionpack (5.2.5) lib/action_dispatch/routing/route_set.rb:34:in `serve'
actionpack (5.2.5) lib/action_dispatch/journey/router.rb:52:in `block in serve'
actionpack (5.2.5) lib/action_dispatch/journey/router.rb:35:in `each'
actionpack (5.2.5) lib/action_dispatch/journey/router.rb:35:in `serve'
actionpack (5.2.5) lib/action_dispatch/routing/route_set.rb:840:in `call'
rack (2.2.3) lib/rack/tempfile_reaper.rb:15:in `call'
rack (2.2.3) lib/rack/etag.rb:27:in `call'
rack (2.2.3) lib/rack/conditional_get.rb:40:in `call'
rack (2.2.3) lib/rack/head.rb:12:in `call'
actionpack (5.2.5) lib/action_dispatch/http/content_security_policy.rb:18:in `call'
rack (2.2.3) lib/rack/session/abstract/id.rb:266:in `context'
rack (2.2.3) lib/rack/session/abstract/id.rb:260:in `call'
actionpack (5.2.5) lib/action_dispatch/middleware/cookies.rb:670:in `call'
activerecord (5.2.5) lib/active_record/migration.rb:559:in `call'
actionpack (5.2.5) lib/action_dispatch/middleware/callbacks.rb:28:in `block in call'
activesupport (5.2.5) lib/active_support/callbacks.rb:98:in `run_callbacks'
actionpack (5.2.5) lib/action_dispatch/middleware/callbacks.rb:26:in `call'
actionpack (5.2.5) lib/action_dispatch/middleware/executor.rb:14:in `call'
actionpack (5.2.5) lib/action_dispatch/middleware/debug_exceptions.rb:61:in `call'
web-console (3.7.0) lib/web_console/middleware.rb:135:in `call_app'
web-console (3.7.0) lib/web_console/middleware.rb:30:in `block in call'
web-console (3.7.0) lib/web_console/middleware.rb:20:in `catch'
web-console (3.7.0) lib/web_console/middleware.rb:20:in `call'
actionpack (5.2.5) lib/action_dispatch/middleware/show_exceptions.rb:33:in `call'
railties (5.2.5) lib/rails/rack/logger.rb:38:in `call_app'
railties (5.2.5) lib/rails/rack/logger.rb:26:in `block in call'
activesupport (5.2.5) lib/active_support/tagged_logging.rb:71:in `block in tagged'
activesupport (5.2.5) lib/active_support/tagged_logging.rb:28:in `tagged'
activesupport (5.2.5) lib/active_support/tagged_logging.rb:71:in `tagged'
railties (5.2.5) lib/rails/rack/logger.rb:26:in `call'
sprockets-rails (3.2.2) lib/sprockets/rails/quiet_assets.rb:13:in `call'
actionpack (5.2.5) lib/action_dispatch/middleware/remote_ip.rb:81:in `call'
actionpack (5.2.5) lib/action_dispatch/middleware/request_id.rb:27:in `call'
rack (2.2.3) lib/rack/method_override.rb:24:in `call'
rack (2.2.3) lib/rack/runtime.rb:22:in `call'
activesupport (5.2.5) lib/active_support/cache/strategy/local_cache_middleware.rb:29:in `call'
actionpack (5.2.5) lib/action_dispatch/middleware/executor.rb:14:in `call'
actionpack (5.2.5) lib/action_dispatch/middleware/static.rb:127:in `call'
rack (2.2.3) lib/rack/sendfile.rb:110:in `call'
railties (5.2.5) lib/rails/engine.rb:524:in `call'
puma (3.12.6) lib/puma/configuration.rb:227:in `call'
puma (3.12.6) lib/puma/server.rb:706:in `handle_request'
puma (3.12.6) lib/puma/server.rb:476:in `process_client'
puma (3.12.6) lib/puma/server.rb:334:in `block in run'
puma (3.12.6) lib/puma/thread_pool.rb:135:in `block in spawn_thread'
Started GET "/posts/new" for ::1 at 2021-04-07 22:17:53 +0900
Processing by PostsController#new as HTML
  Rendering posts/new.html.erb within layouts/application
  Rendered posts/new.html.erb within layouts/application (1.8ms)
Completed 200 OK in 34ms (Views: 17.0ms | ActiveRecord: 8.4ms)


Started POST "/posts" for ::1 at 2021-04-07 22:18:00 +0900
Processing by PostsController#create as HTML
  Parameters: {"utf8"=>"âœ“", "authenticity_token"=>"cRFx7iDVuzp98Xp6uwDi4a9M5ueUc3IhdDK1T7Ku0vq2Wqq71biflKxw0aFfVFtsKDh6nmpvzrRCvemeianZdA", "post"=>{"iamge"=>#<ActionDispatch::Http::UploadedFile:0x00007fa1390f5438 @tempfile=#<Tempfile:/var/folders/4v/dvpnrvhn6hs01d_44z9vytfm0000gn/T/RackMultipart20210407-52166-1f6daj8.jpg>, @original_filename="Dn3FT7sU8AAODL0.jpg", @content_type="image/jpeg", @headers="Content-Disposition: form-data; name=\"post[iamge]\"; filename=\"Dn3FT7sU8AAODL0.jpg\"\r\nContent-Type: image/jpeg\r\n">, "content"=>"s"}, "commit"=>"Create Post"}
No template found for PostsController#create, rendering head :no_content
Completed 204 No Content in 23ms (ActiveRecord: 0.0ms)


Started GET "/posts/new" for ::1 at 2021-04-07 22:19:31 +0900
  
SyntaxError (/Users/karen/workspace/insta2/app/controllers/posts_controller.rb:14: syntax error, unexpected tSTRING_BEG, expecting do or '{' or '('
      render :new, notice "æŠ•ç¨¿ã§ãã¾ã›ã‚“"
                          ^
/Users/karen/workspace/insta2/app/controllers/posts_controller.rb:21: syntax error, unexpected end-of-input, expecting end):
  
app/controllers/posts_controller.rb:14: syntax error, unexpected tSTRING_BEG, expecting do or '{' or '('
app/controllers/posts_controller.rb:21: syntax error, unexpected end-of-input, expecting end
Started GET "/posts/new" for ::1 at 2021-04-07 22:19:40 +0900
  
SyntaxError (/Users/karen/workspace/insta2/app/controllers/posts_controller.rb:14: syntax error, unexpected tSTRING_BEG, expecting do or '{' or '('
      render :new, notice "æŠ•ç¨¿ã§ãã¾ã›ã‚“"
                          ^):
  
app/controllers/posts_controller.rb:14: syntax error, unexpected tSTRING_BEG, expecting do or '{' or '('
Started GET "/posts/new" for ::1 at 2021-04-07 22:20:25 +0900
Processing by PostsController#new as HTML
  Rendering posts/new.html.erb within layouts/application
  Rendered posts/new.html.erb within layouts/application (2.5ms)
Completed 200 OK in 29ms (Views: 17.6ms | ActiveRecord: 3.8ms)


Started POST "/posts" for ::1 at 2021-04-07 22:20:35 +0900
Processing by PostsController#create as HTML
  Parameters: {"utf8"=>"âœ“", "authenticity_token"=>"ROHrsHK37NnhReLjSntWYI0xmLqrOZvQ_X0aXsPgA2eDqjDlh9rIdzDESTiuL-_tCkUEw1UlJ0XL8kaP-OcI6Q", "post"=>{"iamge"=>#<ActionDispatch::Http::UploadedFile:0x00007fa13976f0e8 @tempfile=#<Tempfile:/var/folders/4v/dvpnrvhn6hs01d_44z9vytfm0000gn/T/RackMultipart20210407-52166-gn4ckx.jpg>, @original_filename="Dn3FT7sU8AAODL0.jpg", @content_type="image/jpeg", @headers="Content-Disposition: form-data; name=\"post[iamge]\"; filename=\"Dn3FT7sU8AAODL0.jpg\"\r\nContent-Type: image/jpeg\r\n">, "content"=>"s"}, "commit"=>"Create Post"}
Completed 500 Internal Server Error in 2ms (ActiveRecord: 0.0ms)


  
NoMethodError (undefined method `save' for nil:NilClass):
  
app/controllers/posts_controller.rb:11:in `create'
Started POST "/posts" for ::1 at 2021-04-07 22:21:07 +0900
Processing by PostsController#create as HTML
  Parameters: {"utf8"=>"âœ“", "authenticity_token"=>"ROHrsHK37NnhReLjSntWYI0xmLqrOZvQ_X0aXsPgA2eDqjDlh9rIdzDESTiuL-_tCkUEw1UlJ0XL8kaP-OcI6Q", "post"=>{"iamge"=>#<ActionDispatch::Http::UploadedFile:0x00007fa13962d220 @tempfile=#<Tempfile:/var/folders/4v/dvpnrvhn6hs01d_44z9vytfm0000gn/T/RackMultipart20210407-52166-1tz9wgi.jpg>, @original_filename="Dn3FT7sU8AAODL0.jpg", @content_type="image/jpeg", @headers="Content-Disposition: form-data; name=\"post[iamge]\"; filename=\"Dn3FT7sU8AAODL0.jpg\"\r\nContent-Type: image/jpeg\r\n">, "content"=>"s"}, "commit"=>"Create Post"}
  [1m[35m (0.2ms)[0m  [1m[35mBEGIN[0m
  â†³ app/controllers/posts_controller.rb:12
  [1m[36mPost Create (3.2ms)[0m  [1m[32mINSERT INTO "posts" ("created_at", "updated_at") VALUES ($1, $2) RETURNING "id"[0m  [["created_at", "2021-04-07 13:21:07.080882"], ["updated_at", "2021-04-07 13:21:07.080882"]]
  â†³ app/controllers/posts_controller.rb:12
  [1m[35m (1.8ms)[0m  [1m[35mCOMMIT[0m
  â†³ app/controllers/posts_controller.rb:12
Redirected to http://localhost:3000/
Completed 302 Found in 18ms (ActiveRecord: 8.7ms)


Started GET "/" for ::1 at 2021-04-07 22:21:07 +0900
Processing by PostsController#index as HTML
  Rendering posts/index.html.erb within layouts/application
  Rendered posts/index.html.erb within layouts/application (0.2ms)
Completed 200 OK in 14ms (Views: 12.1ms | ActiveRecord: 0.0ms)


Started GET "/" for ::1 at 2021-04-07 22:31:52 +0900
Processing by PostsController#index as HTML
  Rendering posts/index.html.erb within layouts/application
  Rendered posts/index.html.erb within layouts/application (0.6ms)
Completed 200 OK in 28ms (Views: 24.2ms | ActiveRecord: 0.0ms)


Started GET "/" for ::1 at 2021-04-07 22:35:13 +0900
Processing by PostsController#index as HTML
  Rendering posts/index.html.erb within layouts/application
  [1m[36mPost Load (1.2ms)[0m  [1m[34mSELECT "posts".* FROM "posts"[0m
  â†³ app/views/posts/index.html.erb:1
  Rendered posts/index.html.erb within layouts/application (19.7ms)
Completed 200 OK in 37ms (Views: 27.7ms | ActiveRecord: 7.3ms)


Started GET "/posts/new" for ::1 at 2021-04-07 22:35:45 +0900
Processing by PostsController#new as HTML
  Rendering posts/new.html.erb within layouts/application
  Rendered posts/new.html.erb within layouts/application (2.4ms)
Completed 200 OK in 20ms (Views: 18.3ms | ActiveRecord: 0.0ms)


Started POST "/posts" for ::1 at 2021-04-07 22:35:54 +0900
Processing by PostsController#create as HTML
  Parameters: {"utf8"=>"âœ“", "authenticity_token"=>"9M00rpcAVviM_CrsP7lmjpcE3KrEq2HK2Zn_nPV3_AQzhu_7Ym1yVl19gTfb7d8DEHBA0zq33V_vFqNNznD3ig", "post"=>{"iamge"=>#<ActionDispatch::Http::UploadedFile:0x00007fa133889560 @tempfile=#<Tempfile:/var/folders/4v/dvpnrvhn6hs01d_44z9vytfm0000gn/T/RackMultipart20210407-52166-17xxga7.jpg>, @original_filename="Dn3FT7sU8AAODL0.jpg", @content_type="image/jpeg", @headers="Content-Disposition: form-data; name=\"post[iamge]\"; filename=\"Dn3FT7sU8AAODL0.jpg\"\r\nContent-Type: image/jpeg\r\n">, "content"=>"ãƒªãƒ´ã‚¡ã‚¤"}, "commit"=>"Create Post"}
Unpermitted parameter: :iamge
  [1m[35m (0.2ms)[0m  [1m[35mBEGIN[0m
  â†³ app/controllers/posts_controller.rb:13
  [1m[36mPost Create (0.9ms)[0m  [1m[32mINSERT INTO "posts" ("content", "created_at", "updated_at") VALUES ($1, $2, $3) RETURNING "id"[0m  [["content", "ãƒªãƒ´ã‚¡ã‚¤"], ["created_at", "2021-04-07 13:35:54.870775"], ["updated_at", "2021-04-07 13:35:54.870775"]]
  â†³ app/controllers/posts_controller.rb:13
  [1m[35m (3.6ms)[0m  [1m[35mCOMMIT[0m
  â†³ app/controllers/posts_controller.rb:13
Redirected to http://localhost:3000/
Completed 302 Found in 8ms (ActiveRecord: 4.7ms)


Started GET "/" for ::1 at 2021-04-07 22:35:54 +0900
Processing by PostsController#index as HTML
  Rendering posts/index.html.erb within layouts/application
  [1m[36mPost Load (0.5ms)[0m  [1m[34mSELECT "posts".* FROM "posts"[0m
  â†³ app/views/posts/index.html.erb:1
  Rendered posts/index.html.erb within layouts/application (1.7ms)
Completed 200 OK in 15ms (Views: 12.4ms | ActiveRecord: 0.5ms)


Started GET "/" for ::1 at 2021-04-07 22:36:18 +0900
Processing by PostsController#index as HTML
  Rendering posts/index.html.erb within layouts/application
  [1m[36mPost Load (0.3ms)[0m  [1m[34mSELECT "posts".* FROM "posts"[0m
  â†³ app/views/posts/index.html.erb:1
  Rendered posts/index.html.erb within layouts/application (197.3ms)
Completed 500 Internal Server Error in 200ms (ActiveRecord: 0.3ms)


  
ActionView::Template::Error (undefined local variable or method `picture' for #<#<Class:0x00007fa13a0177b8>:0x00007fa132cb7b60>
Did you mean?  capture):
    1: <% @posts.each do |post| %>
    2:   <%= post.content %>
    3:   <%= image_tag picture.image.url %>
    4: <% end %>
  
app/views/posts/index.html.erb:3:in `block in _app_views_posts_index_html_erb___4050708665264924484_70165159305840'
app/views/posts/index.html.erb:1:in `_app_views_posts_index_html_erb___4050708665264924484_70165159305840'
Started GET "/" for ::1 at 2021-04-07 22:36:32 +0900
Processing by PostsController#index as HTML
  Rendering posts/index.html.erb within layouts/application
  [1m[36mPost Load (0.4ms)[0m  [1m[34mSELECT "posts".* FROM "posts"[0m
  â†³ app/views/posts/index.html.erb:1
  Rendered posts/index.html.erb within layouts/application (245.6ms)
Completed 500 Internal Server Error in 249ms (ActiveRecord: 0.4ms)


  
ActionView::Template::Error (undefined local variable or method `image' for #<#<Class:0x00007fa13a0177b8>:0x00007fa134889550>
Did you mean?  image_url):
    1: <% @posts.each do |post| %>
    2:   <%= post.content %>
    3:   <%= image_tag image.image.url %>
    4: <% end %>
  
app/views/posts/index.html.erb:3:in `block in _app_views_posts_index_html_erb___4050708665264924484_70165173915380'
app/views/posts/index.html.erb:1:in `_app_views_posts_index_html_erb___4050708665264924484_70165173915380'
Started GET "/" for ::1 at 2021-04-07 22:37:50 +0900
Processing by PostsController#index as HTML
  Rendering posts/index.html.erb within layouts/application
  [1m[36mPost Load (0.5ms)[0m  [1m[34mSELECT  "posts".* FROM "posts" LIMIT $1[0m  [["LIMIT", 11]]
  â†³ /Users/karen/.rbenv/versions/2.6.5/lib/ruby/gems/2.6.0/gems/activerecord-5.2.5/lib/active_record/log_subscriber.rb:98
  Rendered posts/index.html.erb within layouts/application (6.5ms)
Completed 500 Internal Server Error in 10ms (ActiveRecord: 0.8ms)


  
ActionView::Template::Error (undefined method `content' for #<Post::ActiveRecord_Relation:0x00007fa13959f448>
Did you mean?  connection):
    1: 
    2:   <%= @posts.content %>
    3:   <%= @posts.image %>
  
app/views/posts/index.html.erb:2:in `_app_views_posts_index_html_erb___4050708665264924484_70165214327220'
Started GET "/" for ::1 at 2021-04-07 22:37:53 +0900
Processing by PostsController#index as HTML
  Rendering posts/index.html.erb within layouts/application
  [1m[36mPost Load (0.3ms)[0m  [1m[34mSELECT  "posts".* FROM "posts" LIMIT $1[0m  [["LIMIT", 11]]
  â†³ /Users/karen/.rbenv/versions/2.6.5/lib/ruby/gems/2.6.0/gems/activerecord-5.2.5/lib/active_record/log_subscriber.rb:98
  Rendered posts/index.html.erb within layouts/application (5.7ms)
Completed 500 Internal Server Error in 10ms (ActiveRecord: 0.3ms)


  
ActionView::Template::Error (undefined method `content' for #<Post::ActiveRecord_Relation:0x00007fa13a21fbc8>
Did you mean?  connection):
    1: 
    2:   <%= @posts.content %>
    3:   <%= @posts.image %>
  
app/views/posts/index.html.erb:2:in `_app_views_posts_index_html_erb___4050708665264924484_70165220881780'
Started GET "/" for ::1 at 2021-04-07 22:38:40 +0900
Processing by PostsController#index as HTML
  Rendering posts/index.html.erb within layouts/application
  [1m[36mPost Load (0.4ms)[0m  [1m[34mSELECT "posts".* FROM "posts"[0m
  â†³ app/views/posts/index.html.erb:1
  Rendered posts/index.html.erb within layouts/application (2.0ms)
Completed 200 OK in 26ms (Views: 24.4ms | ActiveRecord: 0.4ms)


Started GET "/" for ::1 at 2021-04-07 22:41:31 +0900
Processing by PostsController#index as HTML
  Rendering posts/index.html.erb within layouts/application
  [1m[36mPost Load (0.6ms)[0m  [1m[34mSELECT "posts".* FROM "posts"[0m
  â†³ app/views/posts/index.html.erb:1
  Rendered posts/index.html.erb within layouts/application (193.8ms)
Completed 500 Internal Server Error in 198ms (ActiveRecord: 0.6ms)


  
ActionView::Template::Error (undefined local variable or method `picture' for #<#<Class:0x00007fa13a0177b8>:0x00007fa1397d42b8>
Did you mean?  capture):
    1: <% @posts.each do |post| %>
    2:   <%= post.content %>
    3:   <%= post.image %>
    4:   <td><%= image_tag picture %></td>
    5: <% end %>
  
app/views/posts/index.html.erb:4:in `block in _app_views_posts_index_html_erb___4050708665264924484_70165215487400'
app/views/posts/index.html.erb:1:in `_app_views_posts_index_html_erb___4050708665264924484_70165215487400'
Started GET "/" for ::1 at 2021-04-07 22:41:46 +0900
Processing by PostsController#index as HTML
  Rendering posts/index.html.erb within layouts/application
  [1m[36mPost Load (0.6ms)[0m  [1m[34mSELECT "posts".* FROM "posts"[0m
  â†³ app/views/posts/index.html.erb:1
  Rendered posts/index.html.erb within layouts/application (194.4ms)
Completed 500 Internal Server Error in 198ms (ActiveRecord: 0.6ms)


  
ActionView::Template::Error (undefined local variable or method `image' for #<#<Class:0x00007fa13a0177b8>:0x00007fa1315d7a58>
Did you mean?  image_url):
    1: <% @posts.each do |post| %>
    2:   <%= post.content %>
    3:   <%= post.image %>
    4:   <td><%= image_tag image %></td>
    5: <% end %>
  
app/views/posts/index.html.erb:4:in `block in _app_views_posts_index_html_erb___4050708665264924484_70165147314040'
app/views/posts/index.html.erb:1:in `_app_views_posts_index_html_erb___4050708665264924484_70165147314040'
Started GET "/" for ::1 at 2021-04-07 22:42:00 +0900
Processing by PostsController#index as HTML
  Rendering posts/index.html.erb within layouts/application
  [1m[36mPost Load (0.4ms)[0m  [1m[34mSELECT "posts".* FROM "posts"[0m
  â†³ app/views/posts/index.html.erb:1
  Rendered posts/index.html.erb within layouts/application (2.6ms)
Completed 500 Internal Server Error in 6ms (ActiveRecord: 0.4ms)


  
ActionView::Template::Error (Nil location provided. Can't build URI.):
    1: <% @posts.each do |post| %>
    2:   <%= post.content %>
    3:   <%= post.image %>
    4:   <td><%= image_tag post.image %></td>
    5: <% end %>
  
app/views/posts/index.html.erb:4:in `block in _app_views_posts_index_html_erb___4050708665264924484_70165215165580'
app/views/posts/index.html.erb:1:in `_app_views_posts_index_html_erb___4050708665264924484_70165215165580'
Started GET "/" for ::1 at 2021-04-07 22:42:16 +0900
Processing by PostsController#index as HTML
  Rendering posts/index.html.erb within layouts/application
  [1m[36mPost Load (0.6ms)[0m  [1m[34mSELECT "posts".* FROM "posts"[0m
  â†³ app/views/posts/index.html.erb:1
  Rendered posts/index.html.erb within layouts/application (214.4ms)
Completed 500 Internal Server Error in 218ms (ActiveRecord: 0.6ms)


  
ActionView::Template::Error (undefined local variable or method `image' for #<#<Class:0x00007fa13a0177b8>:0x00007fa13a8be538>
Did you mean?  image_url):
    1: <% @posts.each do |post| %>
    2:   <%= post.content %>
    3:   <%= post.image %>
    4:   <td><%= post.image_tag image %></td>
    5: <% end %>
  
app/views/posts/index.html.erb:4:in `block in _app_views_posts_index_html_erb___4050708665264924484_70165224355560'
app/views/posts/index.html.erb:1:in `_app_views_posts_index_html_erb___4050708665264924484_70165224355560'
Started GET "/" for ::1 at 2021-04-07 22:42:35 +0900
Processing by PostsController#index as HTML
  Rendering posts/index.html.erb within layouts/application
  [1m[36mPost Load (0.3ms)[0m  [1m[34mSELECT "posts".* FROM "posts"[0m
  â†³ app/views/posts/index.html.erb:1
  Rendered posts/index.html.erb within layouts/application (193.8ms)
Completed 500 Internal Server Error in 198ms (ActiveRecord: 0.3ms)


  
ActionView::Template::Error (undefined local variable or method `image' for #<#<Class:0x00007fa13a0177b8>:0x00007fa139604a00>
Did you mean?  image_url):
    1: <% @posts.each do |post| %>
    2:   <%= post.content %>
    3:   <%= post.image %>
    4:   <td><%= post.image_tag image.image_url%></td>
    5: <% end %>
  
app/views/posts/index.html.erb:4:in `block in _app_views_posts_index_html_erb___4050708665264924484_70165214538100'
app/views/posts/index.html.erb:1:in `_app_views_posts_index_html_erb___4050708665264924484_70165214538100'
Started GET "/" for ::1 at 2021-04-07 22:49:41 +0900
Processing by PostsController#index as HTML
  Rendering posts/index.html.erb within layouts/application
  [1m[36mPost Load (1.6ms)[0m  [1m[34mSELECT "posts".* FROM "posts"[0m
  â†³ app/views/posts/index.html.erb:1
  Rendered posts/index.html.erb within layouts/application (5.0ms)
Completed 500 Internal Server Error in 8ms (ActiveRecord: 1.6ms)


  
ActionView::Template::Error (undefined method `image' for nil:NilClass):
    1: <% @posts.each do |post| %>
    2:   <%= post.content %>
    3:   <%= post.image %>
    4:   <td><%= image_tag @post.image.url %></td>
    5: <% end %>
  
app/views/posts/index.html.erb:4:in `block in _app_views_posts_index_html_erb___4050708665264924484_70165224240260'
app/views/posts/index.html.erb:1:in `_app_views_posts_index_html_erb___4050708665264924484_70165224240260'
Started GET "/" for ::1 at 2021-04-07 22:49:49 +0900
Processing by PostsController#index as HTML
  Rendering posts/index.html.erb within layouts/application
  [1m[36mPost Load (0.6ms)[0m  [1m[34mSELECT "posts".* FROM "posts"[0m
  â†³ app/views/posts/index.html.erb:1
  Rendered posts/index.html.erb within layouts/application (3.6ms)
Completed 500 Internal Server Error in 8ms (ActiveRecord: 0.6ms)


  
ActionView::Template::Error (undefined method `url' for nil:NilClass):
    1: <% @posts.each do |post| %>
    2:   <%= post.content %>
    3:   <%= post.image %>
    4:   <td><%= image_tag post.image.url %></td>
    5: <% end %>
  
app/views/posts/index.html.erb:4:in `block in _app_views_posts_index_html_erb___4050708665264924484_70165159212020'
app/views/posts/index.html.erb:1:in `_app_views_posts_index_html_erb___4050708665264924484_70165159212020'
Started GET "/" for ::1 at 2021-04-07 22:49:59 +0900
Processing by PostsController#index as HTML
  Rendering posts/index.html.erb within layouts/application
  [1m[36mPost Load (0.8ms)[0m  [1m[34mSELECT "posts".* FROM "posts"[0m
  â†³ app/views/posts/index.html.erb:1
  Rendered posts/index.html.erb within layouts/application (3.5ms)
Completed 500 Internal Server Error in 8ms (ActiveRecord: 0.8ms)


  
ActionView::Template::Error (Nil location provided. Can't build URI.):
    1: <% @posts.each do |post| %>
    2:   <%= post.content %>
    3:   <%= post.image %>
    4:   <td><%= image_tag post.image %></td>
    5: <% end %>
  
app/views/posts/index.html.erb:4:in `block in _app_views_posts_index_html_erb___4050708665264924484_70165220245360'
app/views/posts/index.html.erb:1:in `_app_views_posts_index_html_erb___4050708665264924484_70165220245360'
Started GET "/posts/new" for ::1 at 2021-04-07 22:51:08 +0900
Processing by PostsController#new as HTML
  Rendering posts/new.html.erb within layouts/application
  Rendered posts/new.html.erb within layouts/application (2.2ms)
Completed 200 OK in 28ms (Views: 26.7ms | ActiveRecord: 0.0ms)


Started POST "/posts" for ::1 at 2021-04-07 22:51:14 +0900
Processing by PostsController#create as HTML
  Parameters: {"utf8"=>"âœ“", "authenticity_token"=>"EHuJ6Wi_2OZWzLKbNbhIL5HUQmbalt6z0Pine9ar4HTXMFK8ndL8SIdNGUDR7PGiFqDeHySKYibmd_uq7azr-g", "post"=>{"iamge"=>#<ActionDispatch::Http::UploadedFile:0x00007fa13977e430 @tempfile=#<Tempfile:/var/folders/4v/dvpnrvhn6hs01d_44z9vytfm0000gn/T/RackMultipart20210407-52166-n2elfs.jpg>, @original_filename="Dn3FT7sU8AAODL0.jpg", @content_type="image/jpeg", @headers="Content-Disposition: form-data; name=\"post[iamge]\"; filename=\"Dn3FT7sU8AAODL0.jpg\"\r\nContent-Type: image/jpeg\r\n">, "content"=>"s"}, "commit"=>"Create Post"}
Unpermitted parameter: :iamge
  [1m[35m (0.4ms)[0m  [1m[35mBEGIN[0m
  â†³ app/controllers/posts_controller.rb:13
  [1m[36mPost Create (1.3ms)[0m  [1m[32mINSERT INTO "posts" ("content", "created_at", "updated_at") VALUES ($1, $2, $3) RETURNING "id"[0m  [["content", "s"], ["created_at", "2021-04-07 13:51:14.212238"], ["updated_at", "2021-04-07 13:51:14.212238"]]
  â†³ app/controllers/posts_controller.rb:13
  [1m[35m (1.2ms)[0m  [1m[35mCOMMIT[0m
  â†³ app/controllers/posts_controller.rb:13
Redirected to http://localhost:3000/
Completed 302 Found in 7ms (ActiveRecord: 2.8ms)


Started GET "/" for ::1 at 2021-04-07 22:51:14 +0900
Processing by PostsController#index as HTML
  Rendering posts/index.html.erb within layouts/application
  [1m[36mPost Load (0.6ms)[0m  [1m[34mSELECT "posts".* FROM "posts"[0m
  â†³ app/views/posts/index.html.erb:1
  Rendered posts/index.html.erb within layouts/application (3.4ms)
Completed 500 Internal Server Error in 7ms (ActiveRecord: 0.6ms)


  
ActionView::Template::Error (undefined method `url' for nil:NilClass):
    1: <% @posts.each do |post| %>
    2:   <%= post.content %>
    3:   <%= post.image %>
    4:   <td><%= image_tag post.image.url %></td>
    5: <% end %>
  
app/views/posts/index.html.erb:4:in `block in _app_views_posts_index_html_erb___4050708665264924484_70165215489360'
app/views/posts/index.html.erb:1:in `_app_views_posts_index_html_erb___4050708665264924484_70165215489360'
Started GET "/" for ::1 at 2021-04-07 22:51:22 +0900
Processing by PostsController#index as HTML
  Rendering posts/index.html.erb within layouts/application
  [1m[36mPost Load (0.4ms)[0m  [1m[34mSELECT "posts".* FROM "posts"[0m
  â†³ app/views/posts/index.html.erb:1
  Rendered posts/index.html.erb within layouts/application (2.3ms)
Completed 500 Internal Server Error in 6ms (ActiveRecord: 0.4ms)


  
ActionView::Template::Error (Nil location provided. Can't build URI.):
    1: <% @posts.each do |post| %>
    2:   <%= post.content %>
    3:   <%= post.image %>
    4:   <td><%= image_tag post.image %></td>
    5: <% end %>
  
app/views/posts/index.html.erb:4:in `block in _app_views_posts_index_html_erb___4050708665264924484_70165220589060'
app/views/posts/index.html.erb:1:in `_app_views_posts_index_html_erb___4050708665264924484_70165220589060'
  [1m[36mPost Load (0.4ms)[0m  [1m[34mSELECT  "posts".* FROM "posts" LIMIT $1[0m  [["LIMIT", 11]]
  [1m[36mPost Load (0.3ms)[0m  [1m[34mSELECT "posts".* FROM "posts" WHERE "posts"."id" BETWEEN $1 AND $2[0m  [["id", 1], ["id", 3]]
  [1m[35m (0.2ms)[0m  [1m[35mBEGIN[0m
  [1m[36mPost Destroy (0.5ms)[0m  [1m[31mDELETE FROM "posts" WHERE "posts"."id" = $1[0m  [["id", 1]]
  [1m[35m (1.1ms)[0m  [1m[35mCOMMIT[0m
  [1m[35m (0.2ms)[0m  [1m[35mBEGIN[0m
  [1m[36mPost Destroy (0.7ms)[0m  [1m[31mDELETE FROM "posts" WHERE "posts"."id" = $1[0m  [["id", 2]]
  [1m[35m (0.5ms)[0m  [1m[35mCOMMIT[0m
  [1m[35m (0.2ms)[0m  [1m[35mBEGIN[0m
  [1m[36mPost Destroy (0.6ms)[0m  [1m[31mDELETE FROM "posts" WHERE "posts"."id" = $1[0m  [["id", 3]]
  [1m[35m (0.4ms)[0m  [1m[35mCOMMIT[0m
  [1m[36mPost Load (0.5ms)[0m  [1m[34mSELECT  "posts".* FROM "posts" LIMIT $1[0m  [["LIMIT", 11]]
Started GET "/" for ::1 at 2021-04-07 22:52:43 +0900
  [1m[35m (1.1ms)[0m  [1m[34mSELECT "schema_migrations"."version" FROM "schema_migrations" ORDER BY "schema_migrations"."version" ASC[0m
  â†³ /Users/karen/.rbenv/versions/2.6.5/lib/ruby/gems/2.6.0/gems/activerecord-5.2.5/lib/active_record/log_subscriber.rb:98
Processing by PostsController#index as HTML
  Rendering posts/index.html.erb within layouts/application
  [1m[36mPost Load (0.6ms)[0m  [1m[34mSELECT "posts".* FROM "posts"[0m
  â†³ app/views/posts/index.html.erb:1
  Rendered posts/index.html.erb within layouts/application (4.9ms)
Completed 200 OK in 243ms (Views: 235.1ms | ActiveRecord: 2.8ms)


Started GET "/posts/new" for ::1 at 2021-04-07 22:52:48 +0900
Processing by PostsController#new as HTML
  Rendering posts/new.html.erb within layouts/application
  Rendered posts/new.html.erb within layouts/application (14.5ms)
Completed 200 OK in 38ms (Views: 25.9ms | ActiveRecord: 4.6ms)


Started POST "/posts" for ::1 at 2021-04-07 22:53:00 +0900
Processing by PostsController#create as HTML
  Parameters: {"utf8"=>"âœ“", "authenticity_token"=>"KgPvacyUklRzPSFvzvOQUIx9_24QbNP79WAFy9_EwB3tSDQ8Ofm2-qK8irQqpyndCwljF-5wb27D71ka5MPLkw", "post"=>{"iamge"=>#<ActionDispatch::Http::UploadedFile:0x00007fdddea14d48 @tempfile=#<Tempfile:/var/folders/4v/dvpnrvhn6hs01d_44z9vytfm0000gn/T/RackMultipart20210407-54948-18piig7.jpg>, @original_filename="Dn3FT7sU8AAODL0.jpg", @content_type="image/jpeg", @headers="Content-Disposition: form-data; name=\"post[iamge]\"; filename=\"Dn3FT7sU8AAODL0.jpg\"\r\nContent-Type: image/jpeg\r\n">, "content"=>"s"}, "commit"=>"Create Post"}
Unpermitted parameter: :iamge
  [1m[35m (0.5ms)[0m  [1m[35mBEGIN[0m
  â†³ app/controllers/posts_controller.rb:13
  [1m[36mPost Create (0.6ms)[0m  [1m[32mINSERT INTO "posts" ("content", "created_at", "updated_at") VALUES ($1, $2, $3) RETURNING "id"[0m  [["content", "s"], ["created_at", "2021-04-07 13:53:00.214509"], ["updated_at", "2021-04-07 13:53:00.214509"]]
  â†³ app/controllers/posts_controller.rb:13
  [1m[35m (1.2ms)[0m  [1m[35mCOMMIT[0m
  â†³ app/controllers/posts_controller.rb:13
Redirected to http://localhost:3000/
Completed 302 Found in 8ms (ActiveRecord: 2.3ms)


Started GET "/" for ::1 at 2021-04-07 22:53:00 +0900
Processing by PostsController#index as HTML
  Rendering posts/index.html.erb within layouts/application
  [1m[36mPost Load (0.4ms)[0m  [1m[34mSELECT "posts".* FROM "posts"[0m
  â†³ app/views/posts/index.html.erb:1
  Rendered posts/index.html.erb within layouts/application (4.2ms)
Completed 500 Internal Server Error in 8ms (ActiveRecord: 0.4ms)


  
ActionView::Template::Error (Nil location provided. Can't build URI.):
    1: <% @posts.each do |post| %>
    2:   <%= post.content %>
    3:   <%= post.image %>
    4:   <td><%= image_tag post.image %></td>
    5: <% end %>
  
app/views/posts/index.html.erb:4:in `block in _app_views_posts_index_html_erb___1440857257643234921_70295382153320'
app/views/posts/index.html.erb:1:in `_app_views_posts_index_html_erb___1440857257643234921_70295382153320'
Started POST "/posts" for ::1 at 2021-04-07 22:53:07 +0900
Processing by PostsController#create as HTML
  Parameters: {"utf8"=>"âœ“", "authenticity_token"=>"KgPvacyUklRzPSFvzvOQUIx9_24QbNP79WAFy9_EwB3tSDQ8Ofm2-qK8irQqpyndCwljF-5wb27D71ka5MPLkw", "post"=>{"iamge"=>#<ActionDispatch::Http::UploadedFile:0x00007fdddf8247f8 @tempfile=#<Tempfile:/var/folders/4v/dvpnrvhn6hs01d_44z9vytfm0000gn/T/RackMultipart20210407-54948-1bgwuy5.jpg>, @original_filename="Dn3FT7sU8AAODL0.jpg", @content_type="image/jpeg", @headers="Content-Disposition: form-data; name=\"post[iamge]\"; filename=\"Dn3FT7sU8AAODL0.jpg\"\r\nContent-Type: image/jpeg\r\n">, "content"=>"s"}, "commit"=>"Create Post"}
Unpermitted parameter: :iamge
  [1m[35m (0.2ms)[0m  [1m[35mBEGIN[0m
  â†³ app/controllers/posts_controller.rb:13
  [1m[36mPost Create (1.2ms)[0m  [1m[32mINSERT INTO "posts" ("content", "created_at", "updated_at") VALUES ($1, $2, $3) RETURNING "id"[0m  [["content", "s"], ["created_at", "2021-04-07 13:53:07.647823"], ["updated_at", "2021-04-07 13:53:07.647823"]]
  â†³ app/controllers/posts_controller.rb:13
  [1m[35m (0.5ms)[0m  [1m[35mCOMMIT[0m
  â†³ app/controllers/posts_controller.rb:13
Redirected to http://localhost:3000/
Completed 302 Found in 6ms (ActiveRecord: 1.9ms)


Started GET "/" for ::1 at 2021-04-07 22:53:07 +0900
Processing by PostsController#index as HTML
  Rendering posts/index.html.erb within layouts/application
  [1m[36mPost Load (0.3ms)[0m  [1m[34mSELECT "posts".* FROM "posts"[0m
  â†³ app/views/posts/index.html.erb:1
  Rendered posts/index.html.erb within layouts/application (3.1ms)
Completed 500 Internal Server Error in 6ms (ActiveRecord: 0.3ms)


  
ActionView::Template::Error (undefined method `url' for nil:NilClass):
    1: <% @posts.each do |post| %>
    2:   <%= post.content %>
    3:   <%= post.image %>
    4:   <td><%= image_tag post.image.url %></td>
    5: <% end %>
  
app/views/posts/index.html.erb:4:in `block in _app_views_posts_index_html_erb___1440857257643234921_70295394657820'
app/views/posts/index.html.erb:1:in `_app_views_posts_index_html_erb___1440857257643234921_70295394657820'
Started GET "/" for ::1 at 2021-04-07 22:54:12 +0900
Processing by PostsController#index as HTML
  Rendering posts/index.html.erb within layouts/application
  Rendered posts/index.html.erb within layouts/application (2.2ms)
Completed 500 Internal Server Error in 7ms (ActiveRecord: 0.0ms)


  
ActionView::Template::Error (undefined method `content' for nil:NilClass):
    1:   <%= @post.content %>
    2:   <%= @post.image %>
  
app/views/posts/index.html.erb:1:in `_app_views_posts_index_html_erb___1440857257643234921_70295359036620'
Started GET "/" for ::1 at 2021-04-07 22:54:48 +0900
Processing by PostsController#index as HTML
  Rendering posts/index.html.erb within layouts/application
  [1m[36mPost Load (0.4ms)[0m  [1m[34mSELECT "posts".* FROM "posts"[0m
  â†³ app/views/posts/index.html.erb:1
  Rendered posts/index.html.erb within layouts/application (2.3ms)
Completed 200 OK in 24ms (Views: 20.8ms | ActiveRecord: 0.4ms)


Started GET "/" for ::1 at 2021-04-07 22:56:11 +0900
Processing by PostsController#index as HTML
  Rendering posts/index.html.erb within layouts/application
  [1m[36mPost Load (0.6ms)[0m  [1m[34mSELECT "posts".* FROM "posts"[0m
  â†³ app/views/posts/index.html.erb:9
  Rendered posts/index.html.erb within layouts/application (2.7ms)
Completed 200 OK in 18ms (Views: 15.1ms | ActiveRecord: 0.6ms)


Started GET "/" for ::1 at 2021-04-07 22:56:46 +0900
Processing by PostsController#index as HTML
  Rendering posts/index.html.erb within layouts/application
  [1m[36mPost Load (0.5ms)[0m  [1m[34mSELECT "posts".* FROM "posts"[0m
  â†³ app/views/posts/index.html.erb:8
  Rendered posts/index.html.erb within layouts/application (1.4ms)
Completed 200 OK in 16ms (Views: 13.8ms | ActiveRecord: 0.5ms)


Started GET "/" for ::1 at 2021-04-07 22:57:18 +0900
Processing by PostsController#index as HTML
  Rendering posts/index.html.erb within layouts/application
  [1m[36mPost Load (0.5ms)[0m  [1m[34mSELECT "posts".* FROM "posts"[0m
  â†³ app/views/posts/index.html.erb:8
  Rendered posts/index.html.erb within layouts/application (1.4ms)
Completed 200 OK in 15ms (Views: 13.6ms | ActiveRecord: 0.5ms)


Started GET "/" for ::1 at 2021-04-07 22:57:19 +0900
Processing by PostsController#index as HTML
  Rendering posts/index.html.erb within layouts/application
  [1m[36mPost Load (0.4ms)[0m  [1m[34mSELECT "posts".* FROM "posts"[0m
  â†³ app/views/posts/index.html.erb:8
  Rendered posts/index.html.erb within layouts/application (1.6ms)
Completed 200 OK in 15ms (Views: 13.2ms | ActiveRecord: 0.4ms)


Started GET "/" for ::1 at 2021-04-07 22:57:59 +0900
Processing by PostsController#index as HTML
  Rendering posts/index.html.erb within layouts/application
  [1m[36mPost Load (0.4ms)[0m  [1m[34mSELECT "posts".* FROM "posts"[0m
  â†³ app/views/posts/index.html.erb:8
  Rendered posts/index.html.erb within layouts/application (1.7ms)
Completed 200 OK in 16ms (Views: 14.1ms | ActiveRecord: 0.4ms)


Started GET "/" for ::1 at 2021-04-07 22:58:12 +0900
Processing by PostsController#index as HTML
  Rendering posts/index.html.erb within layouts/application
  [1m[36mPost Load (0.3ms)[0m  [1m[34mSELECT "posts".* FROM "posts"[0m
  â†³ app/views/posts/index.html.erb:8
  Rendered posts/index.html.erb within layouts/application (1.6ms)
Completed 200 OK in 15ms (Views: 13.2ms | ActiveRecord: 0.3ms)


Started GET "/" for ::1 at 2021-04-07 22:58:13 +0900
Processing by PostsController#index as HTML
  Rendering posts/index.html.erb within layouts/application
  [1m[36mPost Load (0.5ms)[0m  [1m[34mSELECT "posts".* FROM "posts"[0m
  â†³ app/views/posts/index.html.erb:8
  Rendered posts/index.html.erb within layouts/application (1.7ms)
Completed 200 OK in 15ms (Views: 12.9ms | ActiveRecord: 0.5ms)


Started GET "/" for ::1 at 2021-04-07 22:58:30 +0900
Processing by PostsController#index as HTML
  Rendering posts/index.html.erb within layouts/application
  [1m[36mPost Load (0.5ms)[0m  [1m[34mSELECT "posts".* FROM "posts"[0m
  â†³ app/views/posts/index.html.erb:7
  Rendered posts/index.html.erb within layouts/application (1.4ms)
Completed 200 OK in 15ms (Views: 12.7ms | ActiveRecord: 0.5ms)


Started GET "/" for ::1 at 2021-04-07 22:59:25 +0900
Processing by PostsController#index as HTML
  Rendering posts/index.html.erb within layouts/application
  [1m[36mPost Load (0.8ms)[0m  [1m[34mSELECT "posts".* FROM "posts"[0m
  â†³ app/views/posts/index.html.erb:7
  Rendered posts/index.html.erb within layouts/application (239.7ms)
Completed 500 Internal Server Error in 244ms (ActiveRecord: 0.8ms)


  
ActionView::Template::Error (undefined local variable or method `new_posts_path' for #<#<Class:0x00007fddd7373248>:0x00007fddd3f99328>
Did you mean?  new_post_path):
    12:   </tr>
    13: <% end %>
    14: </table>
    15: <%= linl_to "new", new_posts_path %>
  
app/views/posts/index.html.erb:15:in `_app_views_posts_index_html_erb___1440857257643234921_70295360425460'
Started GET "/" for ::1 at 2021-04-07 22:59:31 +0900
Processing by PostsController#index as HTML
  Rendering posts/index.html.erb within layouts/application
  [1m[36mPost Load (0.5ms)[0m  [1m[34mSELECT "posts".* FROM "posts"[0m
  â†³ app/views/posts/index.html.erb:7
  Rendered posts/index.html.erb within layouts/application (99.7ms)
Completed 500 Internal Server Error in 103ms (ActiveRecord: 0.5ms)


  
ActionView::Template::Error (undefined method `linl_to' for #<#<Class:0x00007fddd7373248>:0x00007fddd358d140>
Did you mean?  link_to):
    12:   </tr>
    13: <% end %>
    14: </table>
    15: <%= linl_to "new", new_post_path %>
  
app/views/posts/index.html.erb:15:in `_app_views_posts_index_html_erb___1440857257643234921_70295355159060'
Started GET "/" for ::1 at 2021-04-07 22:59:37 +0900
Processing by PostsController#index as HTML
  Rendering posts/index.html.erb within layouts/application
  [1m[36mPost Load (0.4ms)[0m  [1m[34mSELECT "posts".* FROM "posts"[0m
  â†³ app/views/posts/index.html.erb:7
  Rendered posts/index.html.erb within layouts/application (1.7ms)
Completed 200 OK in 23ms (Views: 21.6ms | ActiveRecord: 0.4ms)


Started GET "/posts/new" for ::1 at 2021-04-07 22:59:38 +0900
Processing by PostsController#new as HTML
  Rendering posts/new.html.erb within layouts/application
  Rendered posts/new.html.erb within layouts/application (1.8ms)
Completed 200 OK in 15ms (Views: 12.9ms | ActiveRecord: 0.0ms)


Started POST "/posts" for ::1 at 2021-04-07 22:59:44 +0900
Processing by PostsController#create as HTML
  Parameters: {"utf8"=>"âœ“", "authenticity_token"=>"M1I7mU1D9zEV-w_Tu_16XtawcpWc89zZCvGbrKA5jAoY0-qe07ckGpurM2yef_9gPANlQBfSWXnSseCUmOnoUQ", "post"=>{"iamge"=>#<ActionDispatch::Http::UploadedFile:0x00007fddde8f7aa0 @tempfile=#<Tempfile:/var/folders/4v/dvpnrvhn6hs01d_44z9vytfm0000gn/T/RackMultipart20210407-54948-8xk1ne.jpg>, @original_filename="Dn3FT7sU8AAODL0.jpg", @content_type="image/jpeg", @headers="Content-Disposition: form-data; name=\"post[iamge]\"; filename=\"Dn3FT7sU8AAODL0.jpg\"\r\nContent-Type: image/jpeg\r\n">, "content"=>""}, "commit"=>"Create Post"}
Unpermitted parameter: :iamge
  [1m[35m (0.4ms)[0m  [1m[35mBEGIN[0m
  â†³ app/controllers/posts_controller.rb:13
  [1m[36mPost Create (0.8ms)[0m  [1m[32mINSERT INTO "posts" ("content", "created_at", "updated_at") VALUES ($1, $2, $3) RETURNING "id"[0m  [["content", ""], ["created_at", "2021-04-07 13:59:44.470174"], ["updated_at", "2021-04-07 13:59:44.470174"]]
  â†³ app/controllers/posts_controller.rb:13
  [1m[35m (1.4ms)[0m  [1m[35mCOMMIT[0m
  â†³ app/controllers/posts_controller.rb:13
Redirected to http://localhost:3000/
Completed 302 Found in 7ms (ActiveRecord: 2.7ms)


Started GET "/" for ::1 at 2021-04-07 22:59:44 +0900
Processing by PostsController#index as HTML
  Rendering posts/index.html.erb within layouts/application
  [1m[36mPost Load (0.5ms)[0m  [1m[34mSELECT "posts".* FROM "posts"[0m
  â†³ app/views/posts/index.html.erb:7
  Rendered posts/index.html.erb within layouts/application (2.1ms)
Completed 200 OK in 17ms (Views: 14.9ms | ActiveRecord: 0.5ms)


Started GET "/posts/new" for ::1 at 2021-04-07 22:59:46 +0900
Processing by PostsController#new as HTML
  Rendering posts/new.html.erb within layouts/application
  Rendered posts/new.html.erb within layouts/application (1.6ms)
Completed 200 OK in 15ms (Views: 14.2ms | ActiveRecord: 0.0ms)


Started POST "/posts" for ::1 at 2021-04-07 22:59:55 +0900
Processing by PostsController#create as HTML
  Parameters: {"utf8"=>"âœ“", "authenticity_token"=>"fL1jlOKVO2Jdd56_Tly_UQcNZZecpuwJ2vO71HmyGAZXPLKTfGHoSdMnogBr3jpv7b5yQheHaakCs8DsQWJ8XQ", "post"=>{"iamge"=>#<ActionDispatch::Http::UploadedFile:0x00007fddd91b3be0 @tempfile=#<Tempfile:/var/folders/4v/dvpnrvhn6hs01d_44z9vytfm0000gn/T/RackMultipart20210407-54948-ma5i9p.jpg>, @original_filename="Dn3FT7sU8AAODL0.jpg", @content_type="image/jpeg", @headers="Content-Disposition: form-data; name=\"post[iamge]\"; filename=\"Dn3FT7sU8AAODL0.jpg\"\r\nContent-Type: image/jpeg\r\n">, "content"=>"s"}, "commit"=>"Create Post"}
Unpermitted parameter: :iamge
  [1m[35m (1.5ms)[0m  [1m[35mBEGIN[0m
  â†³ app/controllers/posts_controller.rb:13
  [1m[36mPost Create (1.0ms)[0m  [1m[32mINSERT INTO "posts" ("content", "created_at", "updated_at") VALUES ($1, $2, $3) RETURNING "id"[0m  [["content", "s"], ["created_at", "2021-04-07 13:59:55.779429"], ["updated_at", "2021-04-07 13:59:55.779429"]]
  â†³ app/controllers/posts_controller.rb:13
  [1m[35m (1.9ms)[0m  [1m[35mCOMMIT[0m
  â†³ app/controllers/posts_controller.rb:13
Redirected to http://localhost:3000/
Completed 302 Found in 9ms (ActiveRecord: 4.4ms)


Started GET "/" for ::1 at 2021-04-07 22:59:55 +0900
Processing by PostsController#index as HTML
  Rendering posts/index.html.erb within layouts/application
  [1m[36mPost Load (0.4ms)[0m  [1m[34mSELECT "posts".* FROM "posts"[0m
  â†³ app/views/posts/index.html.erb:7
  Rendered posts/index.html.erb within layouts/application (5.5ms)
Completed 500 Internal Server Error in 11ms (ActiveRecord: 0.4ms)


  
ActionView::Template::Error (undefined method `url' for nil:NilClass):
     8:   <tr>
     9:   <td><%= post.content %></td>
    10:   <td><%#= post.image %></td>
    11:   <td><%= image_tag post.image.url %></td>
    12:   </tr>
    13: <% end %>
    14: </table>
  
app/views/posts/index.html.erb:11:in `block in _app_views_posts_index_html_erb___1440857257643234921_70295440472300'
app/views/posts/index.html.erb:7:in `_app_views_posts_index_html_erb___1440857257643234921_70295440472300'
Started GET "/" for ::1 at 2021-04-07 23:00:06 +0900
Processing by PostsController#index as HTML
  Rendering posts/index.html.erb within layouts/application
  [1m[36mPost Load (0.3ms)[0m  [1m[34mSELECT "posts".* FROM "posts"[0m
  â†³ app/views/posts/index.html.erb:7
  Rendered posts/index.html.erb within layouts/application (1.6ms)
Completed 200 OK in 16ms (Views: 13.7ms | ActiveRecord: 0.3ms)


Started GET "/posts/new" for ::1 at 2021-04-07 23:00:08 +0900
Processing by PostsController#new as HTML
  Rendering posts/new.html.erb within layouts/application
  Rendered posts/new.html.erb within layouts/application (1.6ms)
Completed 200 OK in 16ms (Views: 14.4ms | ActiveRecord: 0.0ms)


Started POST "/posts" for ::1 at 2021-04-07 23:00:15 +0900
Processing by PostsController#create as HTML
  Parameters: {"utf8"=>"âœ“", "authenticity_token"=>"ccyQ0TcNPj4Hi5GWEMBNxxKKXVZMkDVRVeviZaylcqdaTUHWqfntFYnbrSk1Qsj5-DlKg8exsPGNq5ldlHUW_A", "post"=>{"iamge"=>#<ActionDispatch::Http::UploadedFile:0x00007fddde9cf478 @tempfile=#<Tempfile:/var/folders/4v/dvpnrvhn6hs01d_44z9vytfm0000gn/T/RackMultipart20210407-54948-1lwboqs.jpg>, @original_filename="Dn3FT7sU8AAODL0.jpg", @content_type="image/jpeg", @headers="Content-Disposition: form-data; name=\"post[iamge]\"; filename=\"Dn3FT7sU8AAODL0.jpg\"\r\nContent-Type: image/jpeg\r\n">, "content"=>"s"}, "commit"=>"Create Post"}
Unpermitted parameter: :iamge
  [1m[35m (0.2ms)[0m  [1m[35mBEGIN[0m
  â†³ app/controllers/posts_controller.rb:13
  [1m[36mPost Create (0.7ms)[0m  [1m[32mINSERT INTO "posts" ("content", "created_at", "updated_at") VALUES ($1, $2, $3) RETURNING "id"[0m  [["content", "s"], ["created_at", "2021-04-07 14:00:15.636467"], ["updated_at", "2021-04-07 14:00:15.636467"]]
  â†³ app/controllers/posts_controller.rb:13
  [1m[35m (0.5ms)[0m  [1m[35mCOMMIT[0m
  â†³ app/controllers/posts_controller.rb:13
Redirected to http://localhost:3000/
Completed 302 Found in 5ms (ActiveRecord: 1.5ms)


Started GET "/" for ::1 at 2021-04-07 23:00:15 +0900
Processing by PostsController#index as HTML
  Rendering posts/index.html.erb within layouts/application
  [1m[36mPost Load (0.3ms)[0m  [1m[34mSELECT "posts".* FROM "posts"[0m
  â†³ app/views/posts/index.html.erb:7
  Rendered posts/index.html.erb within layouts/application (1.8ms)
Completed 200 OK in 16ms (Views: 14.9ms | ActiveRecord: 0.3ms)


Started GET "/" for ::1 at 2021-04-07 23:00:32 +0900
Processing by PostsController#index as HTML
  Rendering posts/index.html.erb within layouts/application
  [1m[36mPost Load (0.6ms)[0m  [1m[34mSELECT "posts".* FROM "posts"[0m
  â†³ app/views/posts/index.html.erb:7
  Rendered posts/index.html.erb within layouts/application (2.2ms)
Completed 200 OK in 15ms (Views: 12.3ms | ActiveRecord: 0.6ms)


